<?xml version="1.0" encoding="UTF-8"?>
<testsuite name="com.ma.boot.ApplicationTests" tests="1" skipped="0" failures="0" errors="0" timestamp="2017-08-30T13:26:06" hostname="asus-pc" time="0.049">
  <properties/>
  <testcase name="contextLoads" classname="com.ma.boot.ApplicationTests" time="0.049"/>
  <system-out><![CDATA[21:26:02.991 [Test worker] DEBUG org.springframework.test.context.junit4.SpringJUnit4ClassRunner - SpringJUnit4ClassRunner constructor called with [class com.ma.boot.ApplicationTests]
21:26:03.000 [Test worker] DEBUG org.springframework.test.context.BootstrapUtils - Instantiating CacheAwareContextLoaderDelegate from class [org.springframework.test.context.cache.DefaultCacheAwareContextLoaderDelegate]
21:26:03.013 [Test worker] DEBUG org.springframework.test.context.BootstrapUtils - Instantiating BootstrapContext using constructor [public org.springframework.test.context.support.DefaultBootstrapContext(java.lang.Class,org.springframework.test.context.CacheAwareContextLoaderDelegate)]
21:26:03.038 [Test worker] DEBUG org.springframework.test.context.BootstrapUtils - Instantiating TestContextBootstrapper for test class [com.ma.boot.ApplicationTests] from class [org.springframework.boot.test.context.SpringBootTestContextBootstrapper]
21:26:03.054 [Test worker] INFO org.springframework.boot.test.context.SpringBootTestContextBootstrapper - Neither @ContextConfiguration nor @ContextHierarchy found for test class [com.ma.boot.ApplicationTests], using SpringBootContextLoader
21:26:03.059 [Test worker] DEBUG org.springframework.test.context.support.AbstractContextLoader - Did not detect default resource location for test class [com.ma.boot.ApplicationTests]: class path resource [com/ma/boot/ApplicationTests-context.xml] does not exist
21:26:03.059 [Test worker] DEBUG org.springframework.test.context.support.AbstractContextLoader - Did not detect default resource location for test class [com.ma.boot.ApplicationTests]: class path resource [com/ma/boot/ApplicationTestsContext.groovy] does not exist
21:26:03.060 [Test worker] INFO org.springframework.test.context.support.AbstractContextLoader - Could not detect default resource locations for test class [com.ma.boot.ApplicationTests]: no resource found for suffixes {-context.xml, Context.groovy}.
21:26:03.061 [Test worker] INFO org.springframework.test.context.support.AnnotationConfigContextLoaderUtils - Could not detect default configuration classes for test class [com.ma.boot.ApplicationTests]: ApplicationTests does not declare any static, non-private, non-final, nested classes annotated with @Configuration.
21:26:03.110 [Test worker] DEBUG org.springframework.test.context.support.ActiveProfilesUtils - Could not find an 'annotation declaring class' for annotation type [org.springframework.test.context.ActiveProfiles] and class [com.ma.boot.ApplicationTests]
21:26:03.125 [Test worker] DEBUG org.springframework.core.env.StandardEnvironment - Adding [systemProperties] PropertySource with lowest search precedence
21:26:03.125 [Test worker] DEBUG org.springframework.core.env.StandardEnvironment - Adding [systemEnvironment] PropertySource with lowest search precedence
21:26:03.126 [Test worker] DEBUG org.springframework.core.env.StandardEnvironment - Initialized StandardEnvironment with PropertySources [systemProperties,systemEnvironment]
21:26:03.142 [Test worker] DEBUG org.springframework.core.io.support.PathMatchingResourcePatternResolver - Resolved classpath location [com/ma/boot/] to resources [URL [file:/D:/Spring%20boot/workspace/SpringBoot/build/classes/test/com/ma/boot/], URL [file:/D:/Spring%20boot/workspace/SpringBoot/build/classes/main/com/ma/boot/]]
21:26:03.143 [Test worker] DEBUG org.springframework.core.io.support.PathMatchingResourcePatternResolver - Looking for matching resources in directory tree [D:\Spring boot\workspace\SpringBoot\build\classes\test\com\ma\boot]
21:26:03.144 [Test worker] DEBUG org.springframework.core.io.support.PathMatchingResourcePatternResolver - Searching directory [D:\Spring boot\workspace\SpringBoot\build\classes\test\com\ma\boot] for files matching pattern [D:/Spring boot/workspace/SpringBoot/build/classes/test/com/ma/boot/*.class]
21:26:03.148 [Test worker] DEBUG org.springframework.core.io.support.PathMatchingResourcePatternResolver - Looking for matching resources in directory tree [D:\Spring boot\workspace\SpringBoot\build\classes\main\com\ma\boot]
21:26:03.148 [Test worker] DEBUG org.springframework.core.io.support.PathMatchingResourcePatternResolver - Searching directory [D:\Spring boot\workspace\SpringBoot\build\classes\main\com\ma\boot] for files matching pattern [D:/Spring boot/workspace/SpringBoot/build/classes/main/com/ma/boot/*.class]
21:26:03.149 [Test worker] DEBUG org.springframework.core.io.support.PathMatchingResourcePatternResolver - Resolved location pattern [classpath*:com/ma/boot/*.class] to resources [file [D:\Spring boot\workspace\SpringBoot\build\classes\test\com\ma\boot\ApplicationTests.class], file [D:\Spring boot\workspace\SpringBoot\build\classes\main\com\ma\boot\Application.class]]
21:26:03.228 [Test worker] DEBUG org.springframework.context.annotation.ClassPathScanningCandidateComponentProvider - Identified candidate component class: file [D:\Spring boot\workspace\SpringBoot\build\classes\main\com\ma\boot\Application.class]
21:26:03.230 [Test worker] INFO org.springframework.boot.test.context.SpringBootTestContextBootstrapper - Found @SpringBootConfiguration com.ma.boot.Application for test class com.ma.boot.ApplicationTests
21:26:03.235 [Test worker] DEBUG org.springframework.boot.test.context.SpringBootTestContextBootstrapper - @TestExecutionListeners is not present for class [com.ma.boot.ApplicationTests]: using defaults.
21:26:03.240 [Test worker] INFO org.springframework.boot.test.context.SpringBootTestContextBootstrapper - Loaded default TestExecutionListener class names from location [META-INF/spring.factories]: [org.springframework.boot.test.mock.mockito.MockitoTestExecutionListener, org.springframework.boot.test.mock.mockito.ResetMocksTestExecutionListener, org.springframework.boot.test.autoconfigure.restdocs.RestDocsTestExecutionListener, org.springframework.boot.test.autoconfigure.web.client.MockRestServiceServerResetTestExecutionListener, org.springframework.boot.test.autoconfigure.web.servlet.MockMvcPrintOnlyOnFailureTestExecutionListener, org.springframework.boot.test.autoconfigure.web.servlet.WebDriverTestExecutionListener, org.springframework.test.context.web.ServletTestExecutionListener, org.springframework.test.context.support.DirtiesContextBeforeModesTestExecutionListener, org.springframework.test.context.support.DependencyInjectionTestExecutionListener, org.springframework.test.context.support.DirtiesContextTestExecutionListener, org.springframework.test.context.transaction.TransactionalTestExecutionListener, org.springframework.test.context.jdbc.SqlScriptsTestExecutionListener]
21:26:03.254 [Test worker] INFO org.springframework.boot.test.context.SpringBootTestContextBootstrapper - Could not instantiate TestExecutionListener [org.springframework.test.context.transaction.TransactionalTestExecutionListener]. Specify custom listener classes or make the default listener classes (and their required dependencies) available. Offending class: [org/springframework/transaction/interceptor/TransactionAttributeSource]
21:26:03.255 [Test worker] INFO org.springframework.boot.test.context.SpringBootTestContextBootstrapper - Could not instantiate TestExecutionListener [org.springframework.test.context.jdbc.SqlScriptsTestExecutionListener]. Specify custom listener classes or make the default listener classes (and their required dependencies) available. Offending class: [org/springframework/transaction/interceptor/TransactionAttribute]
21:26:03.260 [Test worker] INFO org.springframework.boot.test.context.SpringBootTestContextBootstrapper - Using TestExecutionListeners: [org.springframework.test.context.web.ServletTestExecutionListener@27910b87, org.springframework.test.context.support.DirtiesContextBeforeModesTestExecutionListener@6669d8c2, org.springframework.boot.test.autoconfigure.SpringBootDependencyInjectionTestExecutionListener@6165a73d, org.springframework.test.context.support.DirtiesContextTestExecutionListener@7d2dc0fd, org.springframework.boot.test.mock.mockito.ResetMocksTestExecutionListener@52cf21ec, org.springframework.boot.test.mock.mockito.MockitoTestExecutionListener@7a485cbf, org.springframework.boot.test.autoconfigure.restdocs.RestDocsTestExecutionListener@36d85084, org.springframework.boot.test.autoconfigure.web.client.MockRestServiceServerResetTestExecutionListener@2561548a, org.springframework.boot.test.autoconfigure.web.servlet.MockMvcPrintOnlyOnFailureTestExecutionListener@e0ac18b, org.springframework.boot.test.autoconfigure.web.servlet.WebDriverTestExecutionListener@361fc951]
21:26:03.263 [Test worker] DEBUG org.springframework.test.annotation.ProfileValueUtils - Retrieved @ProfileValueSourceConfiguration [null] for test class [com.ma.boot.ApplicationTests]
21:26:03.264 [Test worker] DEBUG org.springframework.test.annotation.ProfileValueUtils - Retrieved ProfileValueSource type [class org.springframework.test.annotation.SystemProfileValueSource] for class [com.ma.boot.ApplicationTests]
21:26:03.265 [Test worker] DEBUG org.springframework.test.annotation.ProfileValueUtils - Retrieved @ProfileValueSourceConfiguration [null] for test class [com.ma.boot.ApplicationTests]
21:26:03.265 [Test worker] DEBUG org.springframework.test.annotation.ProfileValueUtils - Retrieved ProfileValueSource type [class org.springframework.test.annotation.SystemProfileValueSource] for class [com.ma.boot.ApplicationTests]
21:26:03.272 [Test worker] DEBUG org.springframework.test.context.support.AbstractDirtiesContextTestExecutionListener - Before test class: context [DefaultTestContext@7ad85d3d testClass = ApplicationTests, testInstance = [null], testMethod = [null], testException = [null], mergedContextConfiguration = [WebMergedContextConfiguration@cea976d testClass = ApplicationTests, locations = '{}', classes = '{class com.ma.boot.Application}', contextInitializerClasses = '[]', activeProfiles = '{}', propertySourceLocations = '{}', propertySourceProperties = '{org.springframework.boot.test.context.SpringBootTestContextBootstrapper=true}', contextCustomizers = set[org.springframework.boot.test.context.SpringBootTestContextCustomizer@4344a0cc, org.springframework.boot.test.context.filter.ExcludeFilterContextCustomizer@5b89e04d, org.springframework.boot.test.json.DuplicateJsonObjectContextCustomizerFactory$DuplicateJsonObjectContextCustomizer@5af3d12, org.springframework.boot.test.mock.mockito.MockitoContextCustomizer@0, org.springframework.boot.test.autoconfigure.properties.PropertyMappingContextCustomizer@0, org.springframework.boot.test.autoconfigure.web.servlet.WebDriverContextCustomizerFactory$Customizer@528b97f5], resourceBasePath = 'src/main/webapp', contextLoader = 'org.springframework.boot.test.context.SpringBootContextLoader', parent = [null]]], class annotated with @DirtiesContext [false] with mode [null].
21:26:03.273 [Test worker] DEBUG org.springframework.test.annotation.ProfileValueUtils - Retrieved @ProfileValueSourceConfiguration [null] for test class [com.ma.boot.ApplicationTests]
21:26:03.273 [Test worker] DEBUG org.springframework.test.annotation.ProfileValueUtils - Retrieved ProfileValueSource type [class org.springframework.test.annotation.SystemProfileValueSource] for class [com.ma.boot.ApplicationTests]
21:26:03.356 [Test worker] DEBUG org.springframework.core.env.StandardEnvironment - Adding [systemProperties] PropertySource with lowest search precedence
21:26:03.356 [Test worker] DEBUG org.springframework.core.env.StandardEnvironment - Adding [systemEnvironment] PropertySource with lowest search precedence
21:26:03.357 [Test worker] DEBUG org.springframework.core.env.StandardEnvironment - Initialized StandardEnvironment with PropertySources [systemProperties,systemEnvironment]
21:26:03.359 [Test worker] DEBUG org.springframework.core.env.MutablePropertySources - Adding [inline] PropertySource with highest search precedence
21:26:03.369 [Test worker] DEBUG org.springframework.test.context.support.TestPropertySourceUtils - Adding inlined properties to environment: {spring.jmx.enabled=false, org.springframework.boot.test.context.SpringBootTestContextBootstrapper=true, server.port=-1}
21:26:03.370 [Test worker] DEBUG org.springframework.core.env.StandardEnvironment - Adding [Inlined Test Properties] PropertySource with highest search precedence
 ____  __.__               .__                     .___
|    |/ _|__| ____    ____ |  | _____    ____    __| _/
|      < |  |/    \  / ___\|  | \__  \  /    \  / __ | 
|    |  \|  |   |  \/ /_/  >  |__/ __ \|   |  \/ /_/ | 
|____|__ \__|___|  /\___  /|____(____  /___|  /\____ | 
        \/       \//_____/           \/     \/      \/ 
2017-08-30 21:26:03.884  INFO 7788 --- [    Test worker] com.ma.boot.ApplicationTests             : Starting ApplicationTests on asus-pc with PID 7788 (started by ASUS in D:\Spring boot\workspace\SpringBoot)
2017-08-30 21:26:03.887  INFO 7788 --- [    Test worker] com.ma.boot.ApplicationTests             : No active profile set, falling back to default profiles: default
2017-08-30 21:26:03.936  INFO 7788 --- [    Test worker] o.s.w.c.s.GenericWebApplicationContext   : Refreshing org.springframework.web.context.support.GenericWebApplicationContext@2a33610d: startup date [Wed Aug 30 21:26:03 CST 2017]; root of context hierarchy
2017-08-30 21:26:06.160  INFO 7788 --- [    Test worker] s.w.s.m.m.a.RequestMappingHandlerAdapter : Looking for @ControllerAdvice: org.springframework.web.context.support.GenericWebApplicationContext@2a33610d: startup date [Wed Aug 30 21:26:03 CST 2017]; root of context hierarchy
2017-08-30 21:26:06.250  INFO 7788 --- [    Test worker] s.w.s.m.m.a.RequestMappingHandlerMapping : Mapped "{[/]}" onto java.lang.String com.ma.boot.Application.index()
2017-08-30 21:26:06.252  INFO 7788 --- [    Test worker] s.w.s.m.m.a.RequestMappingHandlerMapping : Mapped "{[/authorsettings]}" onto java.lang.String com.ma.boot.Application.authorSettings()
2017-08-30 21:26:06.256  INFO 7788 --- [    Test worker] s.w.s.m.m.a.RequestMappingHandlerMapping : Mapped "{[/error]}" onto public org.springframework.http.ResponseEntity<java.util.Map<java.lang.String, java.lang.Object>> org.springframework.boot.autoconfigure.web.BasicErrorController.error(javax.servlet.http.HttpServletRequest)
2017-08-30 21:26:06.257  INFO 7788 --- [    Test worker] s.w.s.m.m.a.RequestMappingHandlerMapping : Mapped "{[/error],produces=[text/html]}" onto public org.springframework.web.servlet.ModelAndView org.springframework.boot.autoconfigure.web.BasicErrorController.errorHtml(javax.servlet.http.HttpServletRequest,javax.servlet.http.HttpServletResponse)
2017-08-30 21:26:06.302  INFO 7788 --- [    Test worker] o.s.w.s.handler.SimpleUrlHandlerMapping  : Mapped URL path [/webjars/**] onto handler of type [class org.springframework.web.servlet.resource.ResourceHttpRequestHandler]
2017-08-30 21:26:06.303  INFO 7788 --- [    Test worker] o.s.w.s.handler.SimpleUrlHandlerMapping  : Mapped URL path [/**] onto handler of type [class org.springframework.web.servlet.resource.ResourceHttpRequestHandler]
2017-08-30 21:26:06.360  INFO 7788 --- [    Test worker] o.s.w.s.handler.SimpleUrlHandlerMapping  : Mapped URL path [/**/favicon.ico] onto handler of type [class org.springframework.web.servlet.resource.ResourceHttpRequestHandler]
2017-08-30 21:26:06.595  INFO 7788 --- [    Test worker] com.ma.boot.ApplicationTests             : Started ApplicationTests in 3.202 seconds (JVM running for 4.388)
]]></system-out>
  <system-err><![CDATA[]]></system-err>
</testsuite>
